2025-10-10T17:36:32: ✅ Database connection initialized
2025-10-10T17:36:32: Server running on port 3001
2025-10-10T17:36:32: API endpoints available at http://localhost:3001/api
2025-10-10T18:01:50: ✅ Page visit tracked: /captcha from ::1
2025-10-10T18:02:02: Login attempt: { xusr: 'dfgsdfg', xpss: 'sadfsdf' }
2025-10-10T18:02:08: Info submission: {
2025-10-10T18:02:08:   xname1: 'sdfsdf',
2025-10-10T18:02:08:   xname2: 'sdfsdf',
2025-10-10T18:02:08:   xdob: '24.35.2352',
2025-10-10T18:02:08:   xtel: '235235'
2025-10-10T18:02:08: }
2025-10-10T18:02:13: File upload request received
2025-10-10T18:02:13: File object: {
2025-10-10T18:02:13:   fieldname: 'file',
2025-10-10T18:02:13:   originalname: 'image (7).png',
2025-10-10T18:02:13:   encoding: '7bit',
2025-10-10T18:02:13:   mimetype: 'image/png',
2025-10-10T18:02:13:   destination: '/home/candi/commerzbank/backend/uploads',
2025-10-10T18:02:13:   filename: 'file-1760101333126-42113233.png',
2025-10-10T18:02:13:   path: '/home/candi/commerzbank/backend/uploads/file-1760101333126-42113233.png',
2025-10-10T18:02:13:   size: 126094
2025-10-10T18:02:13: }
2025-10-10T18:02:13: Session ID: 596a31979bed1f9b91bfd5443232dc60
2025-10-10T18:02:13: Request body: [Object: null prototype] {
2025-10-10T18:02:13:   sessionId: '596a31979bed1f9b91bfd5443232dc60'
2025-10-10T18:02:13: }
2025-10-10T18:02:13: Existing session: {
2025-10-10T18:02:13:   id: 'cmgkuvse80001fu4aihjgm9zc',
2025-10-10T18:02:13:   sessionId: '596a31979bed1f9b91bfd5443232dc60',
2025-10-10T18:02:13:   ip: '::1',
2025-10-10T18:02:13:   userAgent: 'Mozilla/5.0 (X11; Linux x86_64) AppleWebKit/537.36 (KHTML, like Gecko) Chrome/141.0.0.0 Safari/537.36',
2025-10-10T18:02:13:   createdAt: 2025-10-10T13:02:02.624Z,
2025-10-10T18:02:13:   updatedAt: 2025-10-10T13:02:02.624Z
2025-10-10T18:02:13: }
2025-10-10T18:02:13: Upload data stored: {
2025-10-10T18:02:13:   id: 'cmgkuw0id0007fu4alj7gql3i',
2025-10-10T18:02:13:   sessionId: '596a31979bed1f9b91bfd5443232dc60',
2025-10-10T18:02:13:   filename: 'file-1760101333126-42113233.png',
2025-10-10T18:02:13:   originalName: 'image (7).png',
2025-10-10T18:02:13:   fileSize: 126094,
2025-10-10T18:02:13:   filePath: '/home/candi/commerzbank/backend/uploads/file-1760101333126-42113233.png',
2025-10-10T18:02:13:   mimeType: 'image/png',
2025-10-10T18:02:13:   timestamp: 2025-10-10T13:02:13.142Z,
2025-10-10T18:02:13:   ip: '::1',
2025-10-10T18:02:13:   userAgent: 'Mozilla/5.0 (X11; Linux x86_64) AppleWebKit/537.36 (KHTML, like Gecko) Chrome/141.0.0.0 Safari/537.36'
2025-10-10T18:02:13: }
2025-10-10T18:02:22: ⚠️ Non-tracked page visit ignored: /admin from ::1
2025-10-10T18:02:28: ✅ Admin login successful from IP: ::1
2025-10-10T18:02:40: ✅ Page visit tracked: /captcha from ::1
2025-10-10T18:03:46: ✅ Page visit tracked: /captcha from ::1
2025-10-10T18:03:57: Login attempt: { xusr: 'xfghdg', xpss: 'sdfsfd' }
2025-10-10T18:04:03: Info submission: {
2025-10-10T18:04:03:   xname1: 'Kamran',
2025-10-10T18:04:03:   xname2: 'Khan',
2025-10-10T18:04:03:   xdob: '23.45.2342',
2025-10-10T18:04:03:   xtel: '234234'
2025-10-10T18:04:03: }
2025-10-10T18:04:07: File upload request received
2025-10-10T18:04:07: File object: {
2025-10-10T18:04:07:   fieldname: 'file',
2025-10-10T18:04:07:   originalname: 'Screenshot from 2025-10-06 16-52-06.png',
2025-10-10T18:04:07:   encoding: '7bit',
2025-10-10T18:04:07:   mimetype: 'image/png',
2025-10-10T18:04:07:   destination: '/home/candi/commerzbank/backend/uploads',
2025-10-10T18:04:07:   filename: 'file-1760101447738-820799433.png',
2025-10-10T18:04:07:   path: '/home/candi/commerzbank/backend/uploads/file-1760101447738-820799433.png',
2025-10-10T18:04:07:   size: 52435
2025-10-10T18:04:07: }
2025-10-10T18:04:07: Session ID: a93edbbdebe91c453014e55cc287fa8f
2025-10-10T18:04:07: Request body: [Object: null prototype] {
2025-10-10T18:04:07:   sessionId: 'a93edbbdebe91c453014e55cc287fa8f'
2025-10-10T18:04:07: }
2025-10-10T18:04:07: Existing session: {
2025-10-10T18:04:07:   id: 'cmgkuy8v9000afu4aw57berih',
2025-10-10T18:04:07:   sessionId: 'a93edbbdebe91c453014e55cc287fa8f',
2025-10-10T18:04:07:   ip: '::1',
2025-10-10T18:04:07:   userAgent: 'Mozilla/5.0 (X11; Linux x86_64) AppleWebKit/537.36 (KHTML, like Gecko) Chrome/141.0.0.0 Safari/537.36',
2025-10-10T18:04:07:   createdAt: 2025-10-10T13:03:57.285Z,
2025-10-10T18:04:07:   updatedAt: 2025-10-10T13:03:57.285Z
2025-10-10T18:04:07: }
2025-10-10T18:04:07: Upload data stored: {
2025-10-10T18:04:07:   id: 'cmgkuygxs000gfu4a192cyafr',
2025-10-10T18:04:07:   sessionId: 'a93edbbdebe91c453014e55cc287fa8f',
2025-10-10T18:04:07:   filename: 'file-1760101447738-820799433.png',
2025-10-10T18:04:07:   originalName: 'Screenshot from 2025-10-06 16-52-06.png',
2025-10-10T18:04:07:   fileSize: 52435,
2025-10-10T18:04:07:   filePath: '/home/candi/commerzbank/backend/uploads/file-1760101447738-820799433.png',
2025-10-10T18:04:07:   mimeType: 'image/png',
2025-10-10T18:04:07:   timestamp: 2025-10-10T13:04:07.744Z,
2025-10-10T18:04:07:   ip: '::1',
2025-10-10T18:04:07:   userAgent: 'Mozilla/5.0 (X11; Linux x86_64) AppleWebKit/537.36 (KHTML, like Gecko) Chrome/141.0.0.0 Safari/537.36'
2025-10-10T18:04:07: }
2025-10-10T18:04:25: ✅ Page visit tracked: /done from ::1
2025-10-10T18:04:31: ⚠️ Non-tracked page visit ignored: /admin from ::1
2025-10-10T18:04:40: ✅ Admin login successful from IP: ::1
2025-10-10T18:14:29: ✅ Page visit tracked: /done from ::1
2025-10-10T18:14:44: ✅ Page visit tracked: /captcha from ::1
